# JRE version: Java(TM) SE Runtime Environment (17.0.15+9) (build 17.0.15+9-LTS-241)
# Java VM: Java HotSpot(TM) 64-Bit Server VM (17.0.15+9-LTS-241, mixed mode, sharing, tiered, compressed oops, compressed class ptrs, g1 gc, windows-amd64)
GC Precious Log:
 CPUs: 8 total, 8 available
 Memory: 16250M
 Large Page Support: Disabled
 NUMA Support: Disabled
 Compressed Oops: Enabled (Zero based)
 Heap Region Size: 2M
 Heap Min Capacity: 8M
 Heap Initial Capacity: 254M
 Heap Max Capacity: 4064M
 Pre-touch: Disabled
 Parallel Workers: 8
 Concurrent Workers: 2
 Concurrent Refinement Workers: 8
 Periodic GC: Disabled
Heap:
 garbage-first heap   total 194560K, used 95752K [0x0000000702000000, 0x0000000800000000)
  region size 2048K, 6 young (12288K), 2 survivors (4096K)
 Metaspace       used 59604K, committed 59968K, reserved 1114112K
  class space    used 6525K, committed 6720K, reserved 1048576K
GC Heap History (20 events):
Event: 10.998 GC heap before
{Heap before GC invocations=10 (full 0):
 garbage-first heap   total 137216K, used 97434K [0x0000000702000000, 0x0000000800000000)
  region size 2048K, 27 young (55296K), 2 survivors (4096K)
 Metaspace       used 43569K, committed 43904K, reserved 1114112K
  class space    used 5255K, committed 5440K, reserved 1048576K
}
Event: 11.014 GC heap after
{Heap after GC invocations=11 (full 0):
 garbage-first heap   total 137216K, used 55451K [0x0000000702000000, 0x0000000800000000)
  region size 2048K, 4 young (8192K), 4 survivors (8192K)
 Metaspace       used 43569K, committed 43904K, reserved 1114112K
  class space    used 5255K, committed 5440K, reserved 1048576K
}
Event: 13.551 GC heap before
{Heap before GC invocations=11 (full 0):
 garbage-first heap   total 137216K, used 102555K [0x0000000702000000, 0x0000000800000000)
  region size 2048K, 27 young (55296K), 4 survivors (8192K)
 Metaspace       used 47627K, committed 48000K, reserved 1114112K
  class space    used 5647K, committed 5824K, reserved 1048576K
}
Event: 13.573 GC heap after
{Heap after GC invocations=12 (full 0):
 garbage-first heap   total 137216K, used 61854K [0x0000000702000000, 0x0000000800000000)
  region size 2048K, 3 young (6144K), 3 survivors (6144K)
 Metaspace       used 47627K, committed 48000K, reserved 1114112K
  class space    used 5647K, committed 5824K, reserved 1048576K
}
Event: 15.682 GC heap before
{Heap before GC invocations=12 (full 0):
 garbage-first heap   total 137216K, used 104862K [0x0000000702000000, 0x0000000800000000)
  region size 2048K, 24 young (49152K), 3 survivors (6144K)
 Metaspace       used 49291K, committed 49664K, reserved 1114112K
  class space    used 5709K, committed 5888K, reserved 1048576K
}
Event: 15.705 GC heap after
{Heap after GC invocations=13 (full 0):
 garbage-first heap   total 137216K, used 67886K [0x0000000702000000, 0x0000000800000000)
  region size 2048K, 3 young (6144K), 3 survivors (6144K)
 Metaspace       used 49291K, committed 49664K, reserved 1114112K
  class space    used 5709K, committed 5888K, reserved 1048576K
}
Event: 18.008 GC heap before
{Heap before GC invocations=13 (full 0):
 garbage-first heap   total 137216K, used 106798K [0x0000000702000000, 0x0000000800000000)
  region size 2048K, 22 young (45056K), 3 survivors (6144K)
 Metaspace       used 50307K, committed 50624K, reserved 1114112K
  class space    used 5728K, committed 5888K, reserved 1048576K
}
Event: 18.027 GC heap after
{Heap after GC invocations=14 (full 0):
 garbage-first heap   total 137216K, used 72762K [0x0000000702000000, 0x0000000800000000)
  region size 2048K, 3 young (6144K), 3 survivors (6144K)
 Metaspace       used 50307K, committed 50624K, reserved 1114112K
  class space    used 5728K, committed 5888K, reserved 1048576K
}
Event: 19.701 GC heap before
{Heap before GC invocations=15 (full 0):
 garbage-first heap   total 137216K, used 99386K [0x0000000702000000, 0x0000000800000000)
  region size 2048K, 17 young (34816K), 3 survivors (6144K)
 Metaspace       used 50807K, committed 51136K, reserved 1114112K
  class space    used 5742K, committed 5888K, reserved 1048576K
}
Event: 19.717 GC heap after
{Heap after GC invocations=16 (full 0):
 garbage-first heap   total 137216K, used 76390K [0x0000000702000000, 0x0000000800000000)
  region size 2048K, 2 young (4096K), 2 survivors (4096K)
 Metaspace       used 50807K, committed 51136K, reserved 1114112K
  class space    used 5742K, committed 5888K, reserved 1048576K
}
Event: 21.261 GC heap before
{Heap before GC invocations=17 (full 0):
 garbage-first heap   total 137216K, used 111206K [0x0000000702000000, 0x0000000800000000)
  region size 2048K, 18 young (36864K), 2 survivors (4096K)
 Metaspace       used 51390K, committed 51712K, reserved 1114112K
  class space    used 5781K, committed 5952K, reserved 1048576K
}
Event: 21.279 GC heap after
{Heap after GC invocations=18 (full 0):
 garbage-first heap   total 137216K, used 81356K [0x0000000702000000, 0x0000000800000000)
  region size 2048K, 2 young (4096K), 2 survivors (4096K)
 Metaspace       used 51390K, committed 51712K, reserved 1114112K
  class space    used 5781K, committed 5952K, reserved 1048576K
}
Event: 22.942 GC heap before
{Heap before GC invocations=18 (full 0):
 garbage-first heap   total 137216K, used 110028K [0x0000000702000000, 0x0000000800000000)
  region size 2048K, 16 young (32768K), 2 survivors (4096K)
 Metaspace       used 51703K, committed 52032K, reserved 1114112K
  class space    used 5802K, committed 5952K, reserved 1048576K
}
Event: 22.961 GC heap after
{Heap after GC invocations=19 (full 0):
 garbage-first heap   total 137216K, used 84370K [0x0000000702000000, 0x0000000800000000)
  region size 2048K, 2 young (4096K), 2 survivors (4096K)
 Metaspace       used 51703K, committed 52032K, reserved 1114112K
  class space    used 5802K, committed 5952K, reserved 1048576K
}
Event: 24.915 GC heap before
{Heap before GC invocations=20 (full 0):
 garbage-first heap   total 151552K, used 110994K [0x0000000702000000, 0x0000000800000000)
  region size 2048K, 15 young (30720K), 2 survivors (4096K)
 Metaspace       used 52133K, committed 52480K, reserved 1114112K
  class space    used 5825K, committed 6016K, reserved 1048576K
}
Event: 24.931 GC heap after
{Heap after GC invocations=21 (full 0):
 garbage-first heap   total 151552K, used 86169K [0x0000000702000000, 0x0000000800000000)
  region size 2048K, 1 young (2048K), 1 survivors (2048K)
 Metaspace       used 52133K, committed 52480K, reserved 1114112K
  class space    used 5825K, committed 6016K, reserved 1048576K
}
Event: 26.972 GC heap before
{Heap before GC invocations=21 (full 0):
 garbage-first heap   total 151552K, used 123033K [0x0000000702000000, 0x0000000800000000)
  region size 2048K, 19 young (38912K), 1 survivors (2048K)
 Metaspace       used 53344K, committed 53696K, reserved 1114112K
  class space    used 5930K, committed 6080K, reserved 1048576K
}
Event: 26.986 GC heap after
{Heap after GC invocations=22 (full 0):
 garbage-first heap   total 151552K, used 88016K [0x0000000702000000, 0x0000000800000000)
  region size 2048K, 2 young (4096K), 2 survivors (4096K)
 Metaspace       used 53344K, committed 53696K, reserved 1114112K
  class space    used 5930K, committed 6080K, reserved 1048576K
}
Event: 28.547 GC heap before
{Heap before GC invocations=23 (full 0):
 garbage-first heap   total 161792K, used 122832K [0x0000000702000000, 0x0000000800000000)
  region size 2048K, 19 young (38912K), 2 survivors (4096K)
 Metaspace       used 58033K, committed 58368K, reserved 1114112K
  class space    used 6370K, committed 6528K, reserved 1048576K
}
Event: 28.564 GC heap after
{Heap after GC invocations=24 (full 0):
 garbage-first heap   total 194560K, used 89608K [0x0000000702000000, 0x0000000800000000)
  region size 2048K, 2 young (4096K), 2 survivors (4096K)
 Metaspace       used 58033K, committed 58368K, reserved 1114112K
  class space    used 6370K, committed 6528K, reserved 1048576K
}

